Arguments: 
  C:\Program Files\nodejs\node.exe C:\Users\ndany\AppData\Roaming\npm\node_modules\yarn\bin\yarn.js add node-bumper

PATH: 
  C:\Program Files\ConEmu\ConEmu\Scripts;C:\Program Files\ConEmu;C:\Program Files\ConEmu\ConEmu;C:\Program Files\Docker\Docker\Resources\bin;C:\WINDOWS\system32;C:\WINDOWS;C:\WINDOWS\System32\Wbem;C:\WINDOWS\System32\WindowsPowerShell\v1.0\;C:\Program Files\Git\cmd;C:\Program Files\Git\mingw64\bin;C:\Program Files\Git\usr\bin;C:\Program Files (x86)\PuTTY\;C:\Program Files\nodejs\;;C:\Program Files (x86)\Microsoft VS Code\bin;C:\Users\ndany\AppData\Roaming\npm;%USERPROFILE%\AppData\Local\Microsoft\WindowsApps

Yarn version: 
  0.16.1

Node version: 
  6.3.1

Platform: 
  win32 x64

npm manifest: 
  {
    "name": "neo4j-javascript-driver-definitions",
    "version": "0.1.0",
    "description": "Typescript definitions for neo4j-javascript-driver",
    "main": "index.d.ts",
    "repository": {
      "url": "https://github.com/ngasst/neo4j-javascript-driver.git",
      "type": "git"
    },
    "author": "Gaston Ndanyuzwe <gaston.ndanyuzwe@infiniteacacia.com\"",
    "license": "MIT",
    "dependencies": {
      "@types/es6-promise": "^0.0.32"
    }
  }

yarn manifest: 
  No manifest

bower manifest: 
  No manifest

Lockfile: 
  # THIS IS AN AUTOGENERATED FILE. DO NOT EDIT THIS FILE DIRECTLY.
  # yarn lockfile v1
  "@types/es6-promise":
    version "0.0.32"
    resolved "https://registry.yarnpkg.com/@types/es6-promise/-/es6-promise-0.0.32.tgz#3bcf44fb1e429f3df76188c8c6d874463ba371fd"

Trace: 
  Error: ENOENT: no such file or directory, open 'C:\Users\ndany\Web\neo4j-driver-definitions\node_modules\@types\es6-promise\index.d.ts'
      at Error (native)
